0 info it worked if it ends with ok
1 verbose cli [ 'node',
1 verbose cli   '/usr/local/bin/npm',
1 verbose cli   'install',
1 verbose cli   '--save-dev',
1 verbose cli   'gulp-uglify' ]
2 info using npm@1.4.28
3 info using node@v0.10.36
4 warn package.json Gulp-boilerplate@ No repository field.
5 warn package.json Gulp-boilerplate@ No README data
6 verbose readDependencies using package.json deps
7 verbose cache add [ 'gulp-uglify', null ]
8 verbose cache add name=undefined spec="gulp-uglify" args=["gulp-uglify",null]
9 verbose parsed url { protocol: null,
9 verbose parsed url   slashes: null,
9 verbose parsed url   auth: null,
9 verbose parsed url   host: null,
9 verbose parsed url   port: null,
9 verbose parsed url   hostname: null,
9 verbose parsed url   hash: null,
9 verbose parsed url   search: null,
9 verbose parsed url   query: null,
9 verbose parsed url   pathname: 'gulp-uglify',
9 verbose parsed url   path: 'gulp-uglify',
9 verbose parsed url   href: 'gulp-uglify' }
10 silly lockFile 15fab96b-gulp-uglify gulp-uglify
11 verbose lock gulp-uglify /Users/danielemeli86/.npm/15fab96b-gulp-uglify.lock
12 silly lockFile 15fab96b-gulp-uglify gulp-uglify
13 silly lockFile 15fab96b-gulp-uglify gulp-uglify
14 verbose addNamed [ 'gulp-uglify', '' ]
15 verbose addNamed [ null, '*' ]
16 silly lockFile 044a9113-gulp-uglify gulp-uglify@
17 verbose lock gulp-uglify@ /Users/danielemeli86/.npm/044a9113-gulp-uglify.lock
18 silly addNameRange { name: 'gulp-uglify', range: '*', hasData: false }
19 verbose request where is /gulp-uglify
20 verbose request registry https://registry.npmjs.org/
21 verbose request id 6a735d7dfe403f81
22 verbose url raw /gulp-uglify
23 verbose url resolving [ 'https://registry.npmjs.org/', './gulp-uglify' ]
24 verbose url resolved https://registry.npmjs.org/gulp-uglify
25 verbose request where is https://registry.npmjs.org/gulp-uglify
26 info trying registry request attempt 1 at 22:44:29
27 verbose etag "97PNLE1XVVX8AJ00DUKR1G8PC"
28 http GET https://registry.npmjs.org/gulp-uglify
29 http 200 https://registry.npmjs.org/gulp-uglify
30 silly registry.get cb [ 200,
30 silly registry.get   { server: 'CouchDB/1.5.0 (Erlang OTP/R16B03)',
30 silly registry.get     etag: '"D96GCISLWXS987DQOFZ2XPXP4"',
30 silly registry.get     'content-type': 'application/json',
30 silly registry.get     'cache-control': 'max-age=60',
30 silly registry.get     'content-length': '26471',
30 silly registry.get     'accept-ranges': 'bytes',
30 silly registry.get     date: 'Fri, 07 Aug 2015 20:44:29 GMT',
30 silly registry.get     via: '1.1 varnish',
30 silly registry.get     age: '45',
30 silly registry.get     connection: 'keep-alive',
30 silly registry.get     'x-served-by': 'cache-ams4143-AMS',
30 silly registry.get     'x-cache': 'HIT',
30 silly registry.get     'x-cache-hits': '1',
30 silly registry.get     'x-timer': 'S1438980269.871061,VS0,VE0',
30 silly registry.get     vary: 'Accept' } ]
31 silly addNameRange number 2 { name: 'gulp-uglify', range: '*', hasData: true }
32 silly addNameRange versions [ 'gulp-uglify',
32 silly addNameRange   [ '0.0.1',
32 silly addNameRange     '0.0.3',
32 silly addNameRange     '0.0.4',
32 silly addNameRange     '0.1.0',
32 silly addNameRange     '0.2.0',
32 silly addNameRange     '0.2.1',
32 silly addNameRange     '0.3.0',
32 silly addNameRange     '0.3.1',
32 silly addNameRange     '0.3.2',
32 silly addNameRange     '1.0.0-0',
32 silly addNameRange     '1.0.0',
32 silly addNameRange     '1.0.1',
32 silly addNameRange     '1.0.2',
32 silly addNameRange     '1.1.0',
32 silly addNameRange     '1.2.0' ] ]
33 verbose addNamed [ 'gulp-uglify', '1.2.0' ]
34 verbose addNamed [ '1.2.0', '1.2.0' ]
35 silly lockFile 9d272576-gulp-uglify-1-2-0 gulp-uglify@1.2.0
36 verbose lock gulp-uglify@1.2.0 /Users/danielemeli86/.npm/9d272576-gulp-uglify-1-2-0.lock
37 silly lockFile a22faf16-ulp-uglify-gulp-uglify-1-2-0-tgz https://registry.npmjs.org/gulp-uglify/-/gulp-uglify-1.2.0.tgz
38 verbose lock https://registry.npmjs.org/gulp-uglify/-/gulp-uglify-1.2.0.tgz /Users/danielemeli86/.npm/a22faf16-ulp-uglify-gulp-uglify-1-2-0-tgz.lock
39 verbose addRemoteTarball [ 'https://registry.npmjs.org/gulp-uglify/-/gulp-uglify-1.2.0.tgz',
39 verbose addRemoteTarball   '760a86a5cf68453e0036130763dde2952093e38b' ]
40 info retry fetch attempt 1 at 22:44:29
41 verbose fetch to= /var/folders/6b/qkv79gld6fsfg1pz3_0_rsxm0000gq/T/npm-14894-1DyzoeCO/registry.npmjs.org/gulp-uglify/-/gulp-uglify-1.2.0.tgz
42 http GET https://registry.npmjs.org/gulp-uglify/-/gulp-uglify-1.2.0.tgz
43 http 200 https://registry.npmjs.org/gulp-uglify/-/gulp-uglify-1.2.0.tgz
44 silly lockFile a22faf16-ulp-uglify-gulp-uglify-1-2-0-tgz https://registry.npmjs.org/gulp-uglify/-/gulp-uglify-1.2.0.tgz
45 silly lockFile a22faf16-ulp-uglify-gulp-uglify-1-2-0-tgz https://registry.npmjs.org/gulp-uglify/-/gulp-uglify-1.2.0.tgz
46 silly lockFile 9d272576-gulp-uglify-1-2-0 gulp-uglify@1.2.0
47 silly lockFile 9d272576-gulp-uglify-1-2-0 gulp-uglify@1.2.0
48 silly lockFile 044a9113-gulp-uglify gulp-uglify@
49 silly lockFile 044a9113-gulp-uglify gulp-uglify@
50 error Error: EACCES, mkdir '/Users/danielemeli86/.npm/gulp-uglify/1.2.0'
50 error  { [Error: EACCES, mkdir '/Users/danielemeli86/.npm/gulp-uglify/1.2.0']
50 error   errno: 3,
50 error   code: 'EACCES',
50 error   path: '/Users/danielemeli86/.npm/gulp-uglify/1.2.0',
50 error   parent: 'Gulp-boilerplate' }
51 error Please try running this command again as root/Administrator.
52 error System Darwin 14.4.0
53 error command "node" "/usr/local/bin/npm" "install" "--save-dev" "gulp-uglify"
54 error cwd /Users/danielemeli86/Works/Ideas/Gulp/src/js
55 error node -v v0.10.36
56 error npm -v 1.4.28
57 error path /Users/danielemeli86/.npm/gulp-uglify/1.2.0
58 error code EACCES
59 error errno 3
60 error stack Error: EACCES, mkdir '/Users/danielemeli86/.npm/gulp-uglify/1.2.0'
61 verbose exit [ 3, true ]
